-- date check
SET datestyle TO ISO;
CREATE TABLE datetmp (a date);
\copy datetmp from 'data/date.data'
SET enable_seqscan=on;
SELECT count(*) FROM datetmp WHERE a <  '2001-02-13';
 count 
-------
   230
(1 row)

SELECT count(*) FROM datetmp WHERE a <= '2001-02-13';
 count 
-------
   231
(1 row)

SELECT count(*) FROM datetmp WHERE a  = '2001-02-13';
 count 
-------
     1
(1 row)

SELECT count(*) FROM datetmp WHERE a >= '2001-02-13';
 count 
-------
   314
(1 row)

SELECT count(*) FROM datetmp WHERE a >  '2001-02-13';
 count 
-------
   313
(1 row)

SELECT a, a <-> '2001-02-13' FROM datetmp ORDER BY a <-> '2001-02-13' LIMIT 3;
     a      | ?column? 
------------+----------
 2001-02-13 |        0
 2001-02-11 |        2
 2001-03-24 |       39
(3 rows)

CREATE INDEX dateidx ON datetmp USING gist ( a );
SET enable_seqscan=off;
SELECT count(*) FROM datetmp WHERE a <  '2001-02-13'::date;
 count 
-------
   230
(1 row)

SELECT count(*) FROM datetmp WHERE a <= '2001-02-13'::date;
 count 
-------
   231
(1 row)

SELECT count(*) FROM datetmp WHERE a  = '2001-02-13'::date;
 count 
-------
     1
(1 row)

SELECT count(*) FROM datetmp WHERE a >= '2001-02-13'::date;
 count 
-------
   314
(1 row)

SELECT count(*) FROM datetmp WHERE a >  '2001-02-13'::date;
 count 
-------
   313
(1 row)

EXPLAIN (COSTS OFF, NODES OFF)
SELECT a, a <-> '2001-02-13' FROM datetmp ORDER BY a <-> '2001-02-13' LIMIT 3;
                         QUERY PLAN                         
------------------------------------------------------------
 Limit
   ->  Remote Subquery Scan on all (datanodes 2)
         Sort Key: (a <-> '2001-02-13'::date)
         ->  Limit
               ->  Index Only Scan using dateidx on datetmp
                     Order By: (a <-> '2001-02-13'::date)
(6 rows)

SELECT a, a <-> '2001-02-13' FROM datetmp ORDER BY a <-> '2001-02-13' LIMIT 3;
     a      | ?column? 
------------+----------
 2001-02-13 |        0
 2001-02-11 |        2
 2001-03-24 |       39
(3 rows)

