-- oid check
SET enable_seqscan=on;
SELECT count(*) FROM moneytmp WHERE oid <  ( SELECT oid FROM moneytmp WHERE a  = '22649.64' );
 count 
-------
   477
(1 row)

SELECT count(*) FROM moneytmp WHERE oid <= ( SELECT oid FROM moneytmp WHERE a  = '22649.64' );
 count 
-------
   478
(1 row)

SELECT count(*) FROM moneytmp WHERE oid  = ( SELECT oid FROM moneytmp WHERE a  = '22649.64' );
 count 
-------
     1
(1 row)

SELECT count(*) FROM moneytmp WHERE oid >= ( SELECT oid FROM moneytmp WHERE a  = '22649.64' );
 count 
-------
   123
(1 row)

SELECT count(*) FROM moneytmp WHERE oid >  ( SELECT oid FROM moneytmp WHERE a  = '22649.64' );
 count 
-------
   122
(1 row)

CREATE INDEX oididx ON moneytmp USING gist ( oid );
SET enable_seqscan=off;
SELECT count(*) FROM moneytmp WHERE oid <  ( SELECT oid FROM moneytmp WHERE a  = '22649.64' );
 count 
-------
   477
(1 row)

SELECT count(*) FROM moneytmp WHERE oid <= ( SELECT oid FROM moneytmp WHERE a  = '22649.64' );
 count 
-------
   478
(1 row)

SELECT count(*) FROM moneytmp WHERE oid  = ( SELECT oid FROM moneytmp WHERE a  = '22649.64' );
 count 
-------
     1
(1 row)

SELECT count(*) FROM moneytmp WHERE oid >= ( SELECT oid FROM moneytmp WHERE a  = '22649.64' );
 count 
-------
   123
(1 row)

SELECT count(*) FROM moneytmp WHERE oid >  ( SELECT oid FROM moneytmp WHERE a  = '22649.64' );
 count 
-------
   122
(1 row)

