CREATE TABLE test1 (x int, y int[]) DISTRIBUTE BY REPLICATION;
INSERT INTO test1 VALUES (1, ARRAY[11, 111]);
CREATE INDEX test1_y_idx ON test1 USING gin (y) WITH (fastupdate = off);
\x
execute direct on (datanode_1) 'SELECT * FROM gin_metapage_info(get_raw_page(''test1_y_idx'', 0))';
-[ RECORD 1 ]----+-----------
pending_head     | 4294967295
pending_tail     | 4294967295
tail_free_size   | 0
n_pending_pages  | 0
n_pending_tuples | 0
n_total_pages    | 2
n_entry_pages    | 1
n_data_pages     | 0
n_entries        | 2
version          | 2

execute direct on (datanode_1) 'SELECT * FROM gin_metapage_info(get_raw_page(''test1_y_idx'', 1))';
ERROR:  input page is not a GIN metapage
DETAIL:  Flags 0002, expected 0008
execute direct on (datanode_1) 'SELECT * FROM gin_page_opaque_info(get_raw_page(''test1_y_idx'', 1))';
-[ RECORD 1 ]---------
rightlink | 4294967295
maxoff    | 0
flags     | {leaf}

execute direct on (datanode_1) 'SELECT * FROM gin_leafpage_items(get_raw_page(''test1_y_idx'', 1))';
ERROR:  input page is not a compressed GIN data leaf page
DETAIL:  Flags 0002, expected 0083
INSERT INTO test1 SELECT x, ARRAY[1,10] FROM generate_series(2,10000) x;
execute direct on (datanode_1) 'SELECT COUNT(*) > 0
FROM gin_leafpage_items(get_raw_page(''test1_y_idx'',
                        (pg_relation_size(''test1_y_idx'') /
                         current_setting(''block_size'')::bigint)::int - 1))';
-[ RECORD 1 ]
?column? | t

create database contrib_ora_pageinspect sql mode opentenbase_ora;
ERROR:  database "contrib_ora_pageinspect" already exists
\c contrib_ora_pageinspect
CREATE TABLE test1 (x int, y int[]) DISTRIBUTE BY REPLICATION;
INSERT INTO test1 VALUES (1, ARRAY[11, 111]);
CREATE INDEX test1_y_idx ON test1 USING gin (y) WITH (fastupdate = off);
execute direct on (datanode_1) 'SELECT * FROM gin_metapage_info(get_raw_page(''TEST1_Y_IDX'', 0))';
-[ RECORD 1 ]----+-----------
PENDING_HEAD     | 4294967295
PENDING_TAIL     | 4294967295
TAIL_FREE_SIZE   | 0
N_PENDING_PAGES  | 0
N_PENDING_TUPLES | 0
N_TOTAL_PAGES    | 2
N_ENTRY_PAGES    | 1
N_DATA_PAGES     | 0
N_ENTRIES        | 2
VERSION          | 2

execute direct on (datanode_1) 'SELECT * FROM gin_metapage_info(get_raw_page(''TEST1_Y_IDX'', 1))';
ERROR:  input page is not a GIN metapage
DETAIL:  Flags 0002, expected 0008
execute direct on (datanode_1) 'SELECT * FROM gin_page_opaque_info(get_raw_page(''TEST1_Y_IDX'', 1))';
-[ RECORD 1 ]---------
RIGHTLINK | 4294967295
MAXOFF    | 0
FLAGS     | {leaf}

execute direct on (datanode_1) 'SELECT * FROM gin_leafpage_items(get_raw_page(''TEST1_Y_IDX'', 1))';
ERROR:  input page is not a compressed GIN data leaf page
DETAIL:  Flags 0002, expected 0083
INSERT INTO test1 SELECT x, ARRAY[1,10] FROM generate_series(2,10000) x;
execute direct on (datanode_1) 'SELECT COUNT(*) > 0
FROM gin_leafpage_items(get_raw_page(''TEST1_Y_IDX'',
                        (pg_relation_size(''TEST1_Y_IDX'') /
                         current_setting(''block_size'')::bigint)::int - 1))';
-[ RECORD 1 ]
?column? | t
